<?xml version="1.0" encoding="UTF-8"?>
<!-- Generated by org.testng.reporters.JUnitReportReporter -->
<testsuite hostname="DESKTOP-92J9GF7" failures="0" tests="1" name="testCases.TC_001_AccountRegistrationTest" time="3.766" errors="0" timestamp="2023-02-23T20:28:02 EST" skipped="0">
  <testcase classname="testCases.TC_001_AccountRegistrationTest" name="test_account_Registration" time="3.766"/>
  <system-out/>
</testsuite> <!-- testCases.TC_001_AccountRegistrationTest -->
