<?xml version="1.0" encoding="UTF-8"?>
<!-- Generated by org.testng.reporters.JUnitReportReporter -->
<testsuite hostname="DESKTOP-92J9GF7" failures="0" tests="1" name="testCases.TC_002_LoginTest" time="1.406" errors="0" timestamp="2023-02-23T20:28:02 EST" skipped="0">
  <testcase classname="testCases.TC_002_LoginTest" name="test_login" time="1.406"/>
  <system-out/>
</testsuite> <!-- testCases.TC_002_LoginTest -->
